<?xml version="1.0" encoding="UTF-8" ?>
<<<<<<< HEAD
<testsuite tests="6" failures="0" name="utils.CostsCalculatorTest" time="0.071" errors="0" skipped="0">
=======
<testsuite tests="11" failures="0" name="utils.CostsCalculatorTest" time="0.036" errors="0" skipped="0">
>>>>>>> 4872896b28749b1c02f44366075b7cc6e7107e82
  <properties>
    <property name="java.runtime.name" value="Java(TM) SE Runtime Environment"/>
    <property name="java.vm.version" value="19+36-2238"/>
    <property name="sun.boot.library.path" value="C:\Program Files\Java\jdk-19\bin"/>
<<<<<<< HEAD
    <property name="maven.multiModuleProjectDirectory" value="C:\Users\Ok Pc\Desktop\CUARTO SEMESTRE\P.O.O 7996\T03-Gaman-GeekLords\06-Code\EHAManagementV3.2.0"/>
=======
    <property name="user.country.format" value="US"/>
    <property name="maven.multiModuleProjectDirectory" value="C:\Users\pc\Desktop\T03-Gaman-GeekLords\06-Code\EHAManagementV3.2.0"/>
>>>>>>> 4872896b28749b1c02f44366075b7cc6e7107e82
    <property name="java.vm.vendor" value="Oracle Corporation"/>
    <property name="java.vendor.url" value="https://java.oracle.com/"/>
    <property name="guice.disable.misplaced.annotation.check" value="true"/>
    <property name="path.separator" value=";"/>
    <property name="java.vm.name" value="Java HotSpot(TM) 64-Bit Server VM"/>
    <property name="sun.os.patch.level" value=""/>
    <property name="user.script" value=""/>
    <property name="user.country" value="ES"/>
    <property name="sun.java.launcher" value="SUN_STANDARD"/>
    <property name="test" value="utils.CostsCalculatorTest"/>
    <property name="java.vm.specification.name" value="Java Virtual Machine Specification"/>
<<<<<<< HEAD
    <property name="user.dir" value="C:\Users\Ok Pc\Desktop\CUARTO SEMESTRE\P.O.O 7996\T03-Gaman-GeekLords\06-Code\EHAManagementV3.2.0"/>
=======
    <property name="user.dir" value="C:\Users\pc\Desktop\T03-Gaman-GeekLords\06-Code\EHAManagementV3.2.0"/>
>>>>>>> 4872896b28749b1c02f44366075b7cc6e7107e82
    <property name="java.vm.compressedOopsMode" value="32-bit"/>
    <property name="java.runtime.version" value="19+36-2238"/>
    <property name="os.arch" value="amd64"/>
    <property name="java.io.tmpdir" value="C:\Users\pc\AppData\Local\Temp\"/>
    <property name="line.separator" value="
"/>
    <property name="java.vm.specification.vendor" value="Oracle Corporation"/>
    <property name="user.variant" value=""/>
    <property name="stderr.encoding" value="Cp1252"/>
    <property name="os.name" value="Windows 10"/>
    <property name="maven.ext.class.path" value="C:\Program Files\NetBeans-15\netbeans\java\maven-nblib\netbeans-eventspy.jar"/>
    <property name="classworlds.conf" value="C:\Program Files\NetBeans-15\netbeans\java\maven\bin\m2.conf"/>
    <property name="sun.jnu.encoding" value="Cp1252"/>
    <property name="stdout.encoding" value="Cp1252"/>
    <property name="java.library.path" value="C:\Program Files\Java\jdk-19\bin;C:\Windows\Sun\Java\bin;C:\Windows\system32;C:\Windows;C:\Program Files\Common Files\Oracle\Java\javapath;C:\Windows\system32;C:\Windows;C:\Windows\System32\Wbem;C:\Windows\System32\WindowsPowerShell\v1.0\;C:\Windows\System32\OpenSSH\;C:\Program Files\Git\cmd;C:\Users\pc\AppData\Local\Microsoft\WindowsApps;C:\Users\pc\AppData\Local\Programs\Microsoft VS Code\bin;C:\Program Files\MongoDB\Server\6.0\bin;C:\Program Files\MongoDB\Server\6.0\bin;."/>
    <property name="maven.conf" value="C:\Program Files\NetBeans-15\netbeans\java\maven/conf"/>
    <property name="jdk.debug" value="release"/>
    <property name="java.class.version" value="63.0"/>
    <property name="java.specification.name" value="Java Platform API Specification"/>
    <property name="sun.management.compiler" value="HotSpot 64-Bit Tiered Compilers"/>
    <property name="os.version" value="10.0"/>
    <property name="library.jansi.path" value="C:\Program Files\NetBeans-15\netbeans\java\maven\lib\jansi-native"/>
    <property name="user.home" value="C:\Users\pc"/>
    <property name="user.timezone" value="America/Bogota"/>
    <property name="file.encoding" value="UTF-8"/>
    <property name="java.specification.version" value="19"/>
    <property name="user.name" value="pc"/>
    <property name="java.class.path" value="C:\Program Files\NetBeans-15\netbeans\java\maven\boot\plexus-classworlds-2.6.0.jar"/>
    <property name="java.vm.specification.version" value="19"/>
    <property name="sun.arch.data.model" value="64"/>
    <property name="sun.java.command" value="org.codehaus.plexus.classworlds.launcher.Launcher -Dtest=utils.CostsCalculatorTest -Dmaven.ext.class.path=C:\Program Files\NetBeans-15\netbeans\java\maven-nblib\netbeans-eventspy.jar surefire:test"/>
    <property name="java.home" value="C:\Program Files\Java\jdk-19"/>
    <property name="user.language" value="es"/>
    <property name="java.specification.vendor" value="Oracle Corporation"/>
    <property name="user.language.format" value="en"/>
    <property name="java.vm.info" value="mixed mode, sharing"/>
    <property name="java.version" value="19"/>
    <property name="native.encoding" value="Cp1252"/>
    <property name="java.vendor" value="Oracle Corporation"/>
    <property name="maven.home" value="C:\Program Files\NetBeans-15\netbeans\java\maven"/>
    <property name="file.separator" value="\"/>
    <property name="java.version.date" value="2022-09-20"/>
    <property name="java.vendor.url.bug" value="https://bugreport.java.com/bugreport/"/>
    <property name="sun.io.unicode.encoding" value="UnicodeLittle"/>
    <property name="sun.cpu.endian" value="little"/>
    <property name="sun.cpu.isalist" value="amd64"/>
  </properties>
<<<<<<< HEAD
  <testcase classname="utils.CostsCalculatorTest" name="utils.CostsCalculatorTest.testComputeMaterialUnitCostCeroForGeneralCost" time="0.065"/>
  <testcase classname="utils.CostsCalculatorTest" name="utils.CostsCalculatorTest.testComputeMaterialUnitCostBigNumberToGeneralCost" time="0"/>
  <testcase classname="utils.CostsCalculatorTest" name="utils.CostsCalculatorTest.testComputeMaterialUnitCostTwoDecimalPlacesForBoth" time="0.003"/>
  <testcase classname="utils.CostsCalculatorTest" name="utils.CostsCalculatorTest.testComputeMaterialUnitCostTwoDecimalPlacesForGeneralCost" time="0.001"/>
  <testcase classname="utils.CostsCalculatorTest" name="utils.CostsCalculatorTest.testComputeMaterialUnitCostNoneDecimalPlacesForGeneralCost" time="0.002"/>
  <testcase classname="utils.CostsCalculatorTest" name="utils.CostsCalculatorTest.testComputeMaterialUnitCostBigNumberToGeneralQuantity" time="0"/>
=======
  <testcase classname="utils.CostsCalculatorTest" name="utils.CostsCalculatorTest.testComputeWorkingTimeCostProductNoneDecimal" time="0.015"/>
  <testcase classname="utils.CostsCalculatorTest" name="utils.CostsCalculatorTest.testComputeWorkingTimeCostProductCero" time="0"/>
  <testcase classname="utils.CostsCalculatorTest" name="utils.CostsCalculatorTest.testComputeWorkingTimeCostProductUnitCostBigNumber" time="0.002"/>
  <testcase classname="utils.CostsCalculatorTest" name="utils.CostsCalculatorTest.testComputeMaterialUnitCostTwoDecimalPlacesForBoth" time="0.012"/>
  <testcase classname="utils.CostsCalculatorTest" name="utils.CostsCalculatorTest.testComputeMaterialUnitCostCeroForGeneralCost" time="0"/>
  <testcase classname="utils.CostsCalculatorTest" name="utils.CostsCalculatorTest.testComputeWorkingTimeCostProductTwoDecimal" time="0.002"/>
  <testcase classname="utils.CostsCalculatorTest" name="utils.CostsCalculatorTest.testComputeMaterialUnitCostBigNumberToGeneralCost" time="0.001"/>
  <testcase classname="utils.CostsCalculatorTest" name="utils.CostsCalculatorTest.testComputeMaterialUnitCostBigNumberToGeneralQuantity" time="0.001"/>
  <testcase classname="utils.CostsCalculatorTest" name="utils.CostsCalculatorTest.testComputeMaterialUnitCostNoneDecimalPlacesForGeneralCost" time="0.001"/>
  <testcase classname="utils.CostsCalculatorTest" name="utils.CostsCalculatorTest.testComputeWorkingTimeCostProductTwoEqualDecimalPlaces" time="0"/>
  <testcase classname="utils.CostsCalculatorTest" name="utils.CostsCalculatorTest.testComputeMaterialUnitCostTwoDecimalPlacesForGeneralCost" time="0.002"/>
>>>>>>> 4872896b28749b1c02f44366075b7cc6e7107e82
</testsuite>